<?xml version="1.0" encoding="UTF-8"?>
<!-- Generated by org.testng.reporters.JUnitReportReporter -->
<testsuite hostname="GauravAhuja" failures="0" tests="1" name="BankingTestCases.Snapdeal" time="37.162" errors="0" timestamp="2023-09-17T17:34:50 IST" skipped="0">
  <testcase classname="BankingTestCases.Snapdeal" name="pStories" time="37.162"/>
  <system-out/>
</testsuite> <!-- BankingTestCases.Snapdeal -->
