<?xml version="1.0" encoding="UTF-8"?>
<!-- Generated by org.testng.reporters.JUnitReportReporter -->
<testsuite skipped="0" hostname="GauravAhuja" name="BankingTestCases.Bank_TC_01" tests="1" failures="0" timestamp="2022-02-17T07:27:18 IST" time="3.610" errors="0">
  <testcase name="loginTest" time="3.610" classname="BankingTestCases.Bank_TC_01"/>
  <system-out/>
</testsuite> <!-- BankingTestCases.Bank_TC_01 -->
