<?xml version="1.0" encoding="UTF-8"?>
<!-- Generated by org.testng.reporters.JUnitReportReporter -->
<testsuite skipped="0" hostname="GauravAhuja" name="BankingTestCases.Tc_02" tests="4" failures="0" timestamp="2022-02-25T23:26:10 IST" time="44.522" errors="0">
  <testcase name="GetDataProvider" time="13.084" classname="BankingTestCases.Tc_02"/>
  <system-out/>
  <testcase name="GetDataProvider" time="7.660" classname="BankingTestCases.Tc_02"/>
  <system-out/>
  <testcase name="GetDataProvider" time="8.672" classname="BankingTestCases.Tc_02"/>
  <system-out/>
  <testcase name="GetDataProvider" time="15.106" classname="BankingTestCases.Tc_02"/>
  <system-out/>
</testsuite> <!-- BankingTestCases.Tc_02 -->
